<?xml version="1.0" encoding="UTF-8"?>
<!-- Generated by org.testng.reporters.JUnitReportReporter -->
<testsuite skipped="0" hostname="197NODMB16796" name="beam_Amazon_Auto.tests.LoginTest" tests="1" failures="0" timestamp="23 Mar 2019 12:19:50 GMT" time="0.008" errors="0">
  <testcase name="loginInApp" time="0.008" classname="beam_Amazon_Auto.tests.LoginTest"/>
</testsuite> <!-- beam_Amazon_Auto.tests.LoginTest -->
