<?xml version="1.0" encoding="UTF-8"?>
<!-- Generated by org.testng.reporters.JUnitReportReporter -->
<testsuite skipped="0" hostname="197NODMB16796.local" name="beam_Amazon_Auto.tests.HomeTest" tests="2" failures="0" timestamp="31 Mar 2019 08:00:27 GMT" time="13.554" errors="0">
  <testcase name="amazonPayViewStatement" time="7.085" classname="beam_Amazon_Auto.tests.HomeTest"/>
  <testcase name="searchAndVerifyList" time="6.469" classname="beam_Amazon_Auto.tests.HomeTest"/>
</testsuite> <!-- beam_Amazon_Auto.tests.HomeTest -->
