<?xml version="1.0" encoding="UTF-8"?>
<!-- Generated by org.testng.reporters.JUnitReportReporter -->
<testsuite skipped="0" hostname="197NODMB16796.local" name="beam_Amazon_Auto.tests.AddToCartTest" tests="2" failures="0" timestamp="31 Mar 2019 08:28:56 GMT" time="21.341" errors="0">
  <testcase name="addtheItemTocart" time="16.634" classname="beam_Amazon_Auto.tests.AddToCartTest"/>
  <testcase name="changeItemQuanitiy" time="4.707" classname="beam_Amazon_Auto.tests.AddToCartTest"/>
</testsuite> <!-- beam_Amazon_Auto.tests.AddToCartTest -->
