<?xml version="1.0" encoding="UTF-8"?>
<!-- Generated by org.testng.reporters.JUnitReportReporter -->
<testsuite skipped="0" hostname="197NODMB16796.local" name="BaseTest" tests="1" failures="0" timestamp="22 Mar 2019 14:01:07 GMT" time="0.006" errors="0">
  <testcase name="testing" time="0.006" classname="BaseTest"/>
</testsuite> <!-- BaseTest -->
