<?xml version="1.0" encoding="UTF-8"?>
<!-- Generated by org.testng.reporters.JUnitReportReporter -->
<testsuite skipped="0" hostname="197NODMB16796.local" name="AddToCartTest" tests="2" failures="0" timestamp="31 Mar 2019 13:51:02 GMT" time="21.886" errors="0">
  <testcase name="addtheItemTocart" time="17.018" classname="AddToCartTest"/>
  <testcase name="changeItemQuanitiy" time="4.868" classname="AddToCartTest"/>
</testsuite> <!-- AddToCartTest -->
